<?xml version="1.0" encoding="UTF-8"?>
<testsuite name="com.tuempresa.booking.hotel.api.usecase.create.CalculateHashImplTest" tests="1" skipped="0" failures="0" errors="0" timestamp="2025-05-01T12:51:15.857Z" hostname="MacBook-Pro-de-Daniel.local" time="0.222">
  <properties/>
  <testcase name="shouldReturnHashWhenValidRequestGiven()" classname="com.tuempresa.booking.hotel.api.usecase.create.CalculateHashImplTest" time="0.222"/>
  <system-out><![CDATA[]]></system-out>
  <system-err><![CDATA[]]></system-err>
</testsuite>
